[2020-03-08 09:56:28.948] [sharedprocess] [info] main {"machineId":"bc493abe05fda678f7086d822122111e9e21518d2a4303ffa44f3fdeee8f48c6","windowId":2}
[2020-03-08 09:57:08.508] [sharedprocess] [info] Starting to clean up unused language packs.
[2020-03-08 11:38:10.877] [sharedprocess] [info] Installing extension: ms-python.python
[2020-03-08 11:38:46.000] [sharedprocess] [info] Downloaded extension: ms-python.python /tmp/44534b3c-ea66-4d36-b0fd-4c6891930140
[2020-03-08 11:38:53.987] [sharedprocess] [info] Extracted extension to /root/.vscode/extensions/.ms-python.python-2020.2.64397: ms-python.python
[2020-03-08 11:38:53.988] [sharedprocess] [info] Renamed to /root/.vscode/extensions/ms-python.python-2020.2.64397
[2020-03-08 11:38:54.010] [sharedprocess] [info] Installation completed. ms-python.python
[2020-03-08 11:38:54.202] [sharedprocess] [info] Extensions installed successfully: ms-python.python
[2020-03-09 08:37:16.806] [sharedprocess] [info] Installing extension: zaczero.bootstrap-v4-snippets
[2020-03-09 08:37:18.116] [sharedprocess] [info] Downloaded extension: zaczero.bootstrap-v4-snippets /tmp/5f90d86a-fd03-4357-9dc3-29df0c4e292c
[2020-03-09 08:37:18.449] [sharedprocess] [info] Extracted extension to /root/.vscode/extensions/.zaczero.bootstrap-v4-snippets-1.1.3: zaczero.bootstrap-v4-snippets
[2020-03-09 08:37:18.451] [sharedprocess] [info] Renamed to /root/.vscode/extensions/zaczero.bootstrap-v4-snippets-1.1.3
[2020-03-09 08:37:18.452] [sharedprocess] [info] Installation completed. zaczero.bootstrap-v4-snippets
[2020-03-09 08:37:18.510] [sharedprocess] [info] Extensions installed successfully: zaczero.bootstrap-v4-snippets
[2020-03-09 08:38:12.193] [sharedprocess] [info] Installing extension: eventyret.bootstrap-4-cdn-snippet
[2020-03-09 08:38:12.846] [sharedprocess] [info] Downloaded extension: eventyret.bootstrap-4-cdn-snippet /tmp/71130c85-1354-4704-8402-5fe316ce1327
[2020-03-09 08:38:12.926] [sharedprocess] [info] Extracted extension to /root/.vscode/extensions/.eventyret.bootstrap-4-cdn-snippet-1.3.0: eventyret.bootstrap-4-cdn-snippet
[2020-03-09 08:38:12.927] [sharedprocess] [info] Renamed to /root/.vscode/extensions/eventyret.bootstrap-4-cdn-snippet-1.3.0
[2020-03-09 08:38:12.928] [sharedprocess] [info] Installation completed. eventyret.bootstrap-4-cdn-snippet
[2020-03-09 08:38:12.976] [sharedprocess] [info] Extensions installed successfully: eventyret.bootstrap-4-cdn-snippet
[2020-03-09 08:38:16.166] [sharedprocess] [info] Uninstalling extension: zaczero.bootstrap-v4-snippets
[2020-03-09 08:38:16.283] [sharedprocess] [info] Successfully uninstalled extension: zaczero.bootstrap-v4-snippets
[2020-03-09 09:42:22.953] [sharedprocess] [info] Installing extension: bigonesystems.django
[2020-03-09 09:42:23.959] [sharedprocess] [info] Downloaded extension: bigonesystems.django /tmp/6c051bb5-6071-46d1-b00f-7b7e3b0b506d
[2020-03-09 09:42:24.277] [sharedprocess] [info] Extracted extension to /root/.vscode/extensions/.bigonesystems.django-1.0.2: bigonesystems.django
[2020-03-09 09:42:24.279] [sharedprocess] [info] Renamed to /root/.vscode/extensions/bigonesystems.django-1.0.2
[2020-03-09 09:42:24.280] [sharedprocess] [info] Installation completed. bigonesystems.django
[2020-03-09 09:42:24.376] [sharedprocess] [info] Extensions installed successfully: bigonesystems.django
[2020-03-09 09:50:34.915] [sharedprocess] [info] Installing extension: hookyqr.beautify
[2020-03-09 09:50:36.178] [sharedprocess] [info] Downloaded extension: hookyqr.beautify /tmp/36fc66c6-2dc0-4711-8db9-d861790ec027
[2020-03-09 09:50:36.796] [sharedprocess] [info] Extracted extension to /root/.vscode/extensions/.hookyqr.beautify-1.5.0: hookyqr.beautify
[2020-03-09 09:50:36.796] [sharedprocess] [info] Renamed to /root/.vscode/extensions/hookyqr.beautify-1.5.0
[2020-03-09 09:50:36.797] [sharedprocess] [info] Installation completed. hookyqr.beautify
[2020-03-09 09:50:36.868] [sharedprocess] [info] Extensions installed successfully: hookyqr.beautify
[2020-03-09 17:24:33.466] [sharedprocess] [info] Installing extension: ms-azuretools.vscode-docker
[2020-03-09 17:24:37.286] [sharedprocess] [info] Downloaded extension: ms-azuretools.vscode-docker /tmp/d84b3f95-36e6-41b5-a989-f48310dcaaea
[2020-03-09 17:24:38.047] [sharedprocess] [info] Extracted extension to /root/.vscode/extensions/.ms-azuretools.vscode-docker-1.0.0: ms-azuretools.vscode-docker
[2020-03-09 17:24:38.047] [sharedprocess] [info] Renamed to /root/.vscode/extensions/ms-azuretools.vscode-docker-1.0.0
[2020-03-09 17:24:38.051] [sharedprocess] [info] Installation completed. ms-azuretools.vscode-docker
[2020-03-09 17:24:38.771] [sharedprocess] [info] Extensions installed successfully: ms-azuretools.vscode-docker
